{
  "RSpec": {
    "coverage": {
      "C:/Users/Ikmich/Documents/Vagrant/workspace/fly/app/helpers/application_helper.rb": [
        1,
        null
      ],
      "C:/Users/Ikmich/Documents/Vagrant/workspace/fly/app/helpers/bookings_helper.rb": [
        1,
        null
      ],
      "C:/Users/Ikmich/Documents/Vagrant/workspace/fly/app/helpers/flights_helper.rb": [
        1,
        null
      ],
      "C:/Users/Ikmich/Documents/Vagrant/workspace/fly/app/helpers/sessions_helper.rb": [
        1,
        null,
        null
      ],
      "C:/Users/Ikmich/Documents/Vagrant/workspace/fly/app/helpers/users_helper.rb": [
        1,
        1,
        0,
        0,
        0,
        null,
        null
      ],
      "C:/Users/Ikmich/Documents/Vagrant/workspace/fly/app/controllers/bookings_controller.rb": [
        1,
        1,
        1,
        0,
        0,
        0,
        0,
        0,
        null,
        null,
        null,
        1,
        0,
        null,
        0,
        0,
        0,
        0,
        0,
        0,
        null,
        0,
        0,
        null,
        null,
        null,
        null,
        null,
        1,
        0,
        0,
        null,
        null,
        1,
        0,
        0,
        0,
        0,
        null,
        0,
        0,
        null,
        null,
        null,
        null,
        1,
        0,
        0,
        0,
        0,
        null,
        null,
        1,
        1,
        0,
        null,
        null,
        1,
        0,
        null,
        null,
        null,
        1,
        0,
        null,
        null
      ],
      "C:/Users/Ikmich/Documents/Vagrant/workspace/fly/app/controllers/application_controller.rb": [
        1,
        null,
        null,
        1,
        null,
        1,
        1,
        null,
        1,
        6,
        null,
        null
      ],
      "C:/Users/Ikmich/Documents/Vagrant/workspace/fly/app/controllers/flights_controller.rb": [
        1,
        1,
        0,
        0,
        0,
        0,
        0,
        0,
        0,
        null,
        null,
        null,
        1,
        0,
        0,
        0,
        0,
        0,
        0,
        0,
        0,
        null,
        null,
        null
      ],
      "C:/Users/Ikmich/Documents/Vagrant/workspace/fly/app/controllers/sessions_controller.rb": [
        1,
        1,
        0,
        null,
        1,
        null,
        0,
        0,
        0,
        0,
        null,
        0,
        0,
        null,
        null,
        1,
        0,
        0,
        null,
        0,
        null,
        null
      ],
      "C:/Users/Ikmich/Documents/Vagrant/workspace/fly/app/controllers/users_controller.rb": [
        1,
        1,
        1,
        null,
        null,
        1,
        6,
        null,
        1,
        0,
        0,
        0,
        0,
        null,
        0,
        null,
        null,
        null,
        1,
        1,
        0,
        null,
        1,
        0,
        null,
        null
      ],
      "C:/Users/Ikmich/Documents/Vagrant/workspace/fly/app/models/airport.rb": [
        1,
        1,
        1,
        null
      ],
      "C:/Users/Ikmich/Documents/Vagrant/workspace/fly/app/models/flight.rb": [
        1,
        1,
        1,
        null,
        1,
        1,
        null,
        1,
        1,
        null,
        1,
        1,
        null
      ],
      "C:/Users/Ikmich/Documents/Vagrant/workspace/fly/app/models/booking.rb": [
        1,
        1,
        1,
        null,
        1,
        null,
        null,
        null
      ],
      "C:/Users/Ikmich/Documents/Vagrant/workspace/fly/app/models/passenger.rb": [
        1,
        1,
        null,
        null,
        1,
        1,
        1,
        null
      ],
      "C:/Users/Ikmich/Documents/Vagrant/workspace/fly/app/models/user.rb": [
        1,
        1,
        1,
        1,
        1,
        null,
        null,
        1,
        null
      ]
    },
    "timestamp": 1447784699
  }
}
